# JRE version: Java(TM) SE Runtime Environment (8.0_05-b13) (build 1.8.0_05-b13)
# Java VM: Java HotSpot(TM) 64-Bit Server VM (25.5-b02 mixed mode linux-amd64 compressed oops)
Heap:
 PSYoungGen      total 338944K, used 336352K [0x00000000eab00000, 0x00000000fff00000, 0x0000000100000000)
  eden space 330752K, 100% used [0x00000000eab00000,0x00000000fee00000,0x00000000fee00000)
  from space 8192K, 68% used [0x00000000ff700000,0x00000000ffc78000,0x00000000fff00000)
  to   space 8704K, 67% used [0x00000000fee00000,0x00000000ff3c0000,0x00000000ff680000)
 ParOldGen       total 254976K, used 65621K [0x00000000c0000000, 0x00000000cf900000, 0x00000000eab00000)
  object space 254976K, 25% used [0x00000000c0000000,0x00000000c4015430,0x00000000cf900000)
 Metaspace       used 30520K, capacity 30784K, committed 31232K, reserved 1077248K
  class space    used 3868K, capacity 3956K, committed 4096K, reserved 1048576K
GC Heap History (10 events):
Event: 2895.043 GC heap after
Heap after GC invocations=1854 (full 58):
 PSYoungGen      total 339968K, used 6080K [0x00000000eab00000, 0x0000000100000000, 0x0000000100000000)
  eden space 330752K, 0% used [0x00000000eab00000,0x00000000eab00000,0x00000000fee00000)
  from space 9216K, 65% used [0x00000000ff700000,0x00000000ffcf0000,0x0000000100000000)
  to   space 9216K, 0% used [0x00000000fee00000,0x00000000fee00000,0x00000000ff700000)
 ParOldGen       total 254976K, used 39109K [0x00000000c0000000, 0x00000000cf900000, 0x00000000eab00000)
  object space 254976K, 15% used [0x00000000c0000000,0x00000000c2631430,0x00000000cf900000)
 Metaspace       used 30520K, capacity 30784K, committed 31232K, reserved 1077248K
  class space    used 3868K, capacity 3956K, committed 4096K, reserved 1048576K
}
Event: 2896.509 GC heap before
{Heap before GC invocations=1855 (full 58):
 PSYoungGen      total 339968K, used 336832K [0x00000000eab00000, 0x0000000100000000, 0x0000000100000000)
  eden space 330752K, 100% used [0x00000000eab00000,0x00000000fee00000,0x00000000fee00000)
  from space 9216K, 65% used [0x00000000ff700000,0x00000000ffcf0000,0x0000000100000000)
  to   space 9216K, 0% used [0x00000000fee00000,0x00000000fee00000,0x00000000ff700000)
 ParOldGen       total 254976K, used 39109K [0x00000000c0000000, 0x00000000cf900000, 0x00000000eab00000)
  object space 254976K, 15% used [0x00000000c0000000,0x00000000c2631430,0x00000000cf900000)
 Metaspace       used 30520K, capacity 30784K, committed 31232K, reserved 1077248K
  class space    used 3868K, capacity 3956K, committed 4096K, reserved 1048576K
Event: 2896.536 GC heap after
Heap after GC invocations=1855 (full 58):
 PSYoungGen      total 339968K, used 6336K [0x00000000eab00000, 0x0000000100000000, 0x0000000100000000)
  eden space 330752K, 0% used [0x00000000eab00000,0x00000000eab00000,0x00000000fee00000)
  from space 9216K, 68% used [0x00000000fee00000,0x00000000ff430000,0x00000000ff700000)
  to   space 9216K, 0% used [0x00000000ff700000,0x00000000ff700000,0x0000000100000000)
 ParOldGen       total 254976K, used 44277K [0x00000000c0000000, 0x00000000cf900000, 0x00000000eab00000)
  object space 254976K, 17% used [0x00000000c0000000,0x00000000c2b3d430,0x00000000cf900000)
 Metaspace       used 30520K, capacity 30784K, committed 31232K, reserved 1077248K
  class space    used 3868K, capacity 3956K, committed 4096K, reserved 1048576K
}
Event: 2897.908 GC heap before
{Heap before GC invocations=1856 (full 58):
 PSYoungGen      total 339968K, used 337088K [0x00000000eab00000, 0x0000000100000000, 0x0000000100000000)
  eden space 330752K, 100% used [0x00000000eab00000,0x00000000fee00000,0x00000000fee00000)
  from space 9216K, 68% used [0x00000000fee00000,0x00000000ff430000,0x00000000ff700000)
  to   space 9216K, 0% used [0x00000000ff700000,0x00000000ff700000,0x0000000100000000)
 ParOldGen       total 254976K, used 44277K [0x00000000c0000000, 0x00000000cf900000, 0x00000000eab00000)
  object space 254976K, 17% used [0x00000000c0000000,0x00000000c2b3d430,0x00000000cf900000)
 Metaspace       used 30520K, capacity 30784K, committed 31232K, reserved 1077248K
  class space    used 3868K, capacity 3956K, committed 4096K, reserved 1048576K
Event: 2897.935 GC heap after
Heap after GC invocations=1856 (full 58):
 PSYoungGen      total 339968K, used 6624K [0x00000000eab00000, 0x0000000100000000, 0x0000000100000000)
  eden space 330752K, 0% used [0x00000000eab00000,0x00000000eab00000,0x00000000fee00000)
  from space 9216K, 71% used [0x00000000ff700000,0x00000000ffd78000,0x0000000100000000)
  to   space 9216K, 0% used [0x00000000fee00000,0x00000000fee00000,0x00000000ff700000)
 ParOldGen       total 254976K, used 50157K [0x00000000c0000000, 0x00000000cf900000, 0x00000000eab00000)
  object space 254976K, 19% used [0x00000000c0000000,0x00000000c30fb430,0x00000000cf900000)
 Metaspace       used 30520K, capacity 30784K, committed 31232K, reserved 1077248K
  class space    used 3868K, capacity 3956K, committed 4096K, reserved 1048576K
}
Event: 2899.330 GC heap before
{Heap before GC invocations=1857 (full 58):
 PSYoungGen      total 339968K, used 337376K [0x00000000eab00000, 0x0000000100000000, 0x0000000100000000)
  eden space 330752K, 100% used [0x00000000eab00000,0x00000000fee00000,0x00000000fee00000)
  from space 9216K, 71% used [0x00000000ff700000,0x00000000ffd78000,0x0000000100000000)
  to   space 9216K, 0% used [0x00000000fee00000,0x00000000fee00000,0x00000000ff700000)
 ParOldGen       total 254976K, used 50157K [0x00000000c0000000, 0x00000000cf900000, 0x00000000eab00000)
  object space 254976K, 19% used [0x00000000c0000000,0x00000000c30fb430,0x00000000cf900000)
 Metaspace       used 30520K, capacity 30784K, committed 31232K, reserved 1077248K
  class space    used 3868K, capacity 3956K, committed 4096K, reserved 1048576K
Event: 2899.350 GC heap after
Heap after GC invocations=1857 (full 58):
 PSYoungGen      total 339968K, used 6048K [0x00000000eab00000, 0x0000000100000000, 0x0000000100000000)
  eden space 330752K, 0% used [0x00000000eab00000,0x00000000eab00000,0x00000000fee00000)
  from space 9216K, 65% used [0x00000000fee00000,0x00000000ff3e8000,0x00000000ff700000)
  to   space 9216K, 0% used [0x00000000ff700000,0x00000000ff700000,0x0000000100000000)
 ParOldGen       total 254976K, used 55445K [0x00000000c0000000, 0x00000000cf900000, 0x00000000eab00000)
  object space 254976K, 21% used [0x00000000c0000000,0x00000000c3625430,0x00000000cf900000)
 Metaspace       used 30520K, capacity 30784K, committed 31232K, reserved 1077248K
  class space    used 3868K, capacity 3956K, committed 4096K, reserved 1048576K
}
Event: 2900.712 GC heap before
{Heap before GC invocations=1858 (full 58):
 PSYoungGen      total 339968K, used 336800K [0x00000000eab00000, 0x0000000100000000, 0x0000000100000000)
  eden space 330752K, 100% used [0x00000000eab00000,0x00000000fee00000,0x00000000fee00000)
  from space 9216K, 65% used [0x00000000fee00000,0x00000000ff3e8000,0x00000000ff700000)
  to   space 9216K, 0% used [0x00000000ff700000,0x00000000ff700000,0x0000000100000000)
 ParOldGen       total 254976K, used 55445K [0x00000000c0000000, 0x00000000cf900000, 0x00000000eab00000)
  object space 254976K, 21% used [0x00000000c0000000,0x00000000c3625430,0x00000000cf900000)
 Metaspace       used 30520K, capacity 30784K, committed 31232K, reserved 1077248K
  class space    used 3868K, capacity 3956K, committed 4096K, reserved 1048576K
Event: 2900.753 GC heap after
Heap after GC invocations=1858 (full 58):
 PSYoungGen      total 338944K, used 5600K [0x00000000eab00000, 0x00000000fff00000, 0x0000000100000000)
  eden space 330752K, 0% used [0x00000000eab00000,0x00000000eab00000,0x00000000fee00000)
  from space 8192K, 68% used [0x00000000ff700000,0x00000000ffc78000,0x00000000fff00000)
  to   space 8704K, 0% used [0x00000000fee00000,0x00000000fee00000,0x00000000ff680000)
 ParOldGen       total 254976K, used 60357K [0x00000000c0000000, 0x00000000cf900000, 0x00000000eab00000)
  object space 254976K, 23% used [0x00000000c0000000,0x00000000c3af1430,0x00000000cf900000)
 Metaspace       used 30520K, capacity 30784K, committed 31232K, reserved 1077248K
  class space    used 3868K, capacity 3956K, committed 4096K, reserved 1048576K
}
Event: 2902.175 GC heap before
{Heap before GC invocations=1859 (full 58):
 PSYoungGen      total 338944K, used 336352K [0x00000000eab00000, 0x00000000fff00000, 0x0000000100000000)
  eden space 330752K, 100% used [0x00000000eab00000,0x00000000fee00000,0x00000000fee00000)
  from space 8192K, 68% used [0x00000000ff700000,0x00000000ffc78000,0x00000000fff00000)
  to   space 8704K, 0% used [0x00000000fee00000,0x00000000fee00000,0x00000000ff680000)
 ParOldGen       total 254976K, used 60357K [0x00000000c0000000, 0x00000000cf900000, 0x00000000eab00000)
  object space 254976K, 23% used [0x00000000c0000000,0x00000000c3af1430,0x00000000cf900000)
 Metaspace       used 30520K, capacity 30784K, committed 31232K, reserved 1077248K
  class space    used 3868K, capacity 3956K, committed 4096K, reserved 1048576K

